===== v3-ablations-740 run_all START 2026-05-25T03:48:23+00:00 =====
[2026-05-25T03:48:23+00:00] STEP 1/5: building extended train account_id sidecar (~30-60min)...
Loading filter set from extended train + diffing prior sidecar...
  streaming match_id from train.parquet (32,641,476 rows, 34 row groups)
    -> 32,641,476 unique match_ids in extended train
  prior sidecar: 13,018,393 match_ids already covered
  extended train: 32,641,476
  prior covers : 13,018,393
  to walk      : 19,623,083
Enumerating raw files...
  /mnt/projects/research/dotaml-turbo/data/history/turbo: 2015 files
  /mnt/projects/research/dotaml-turbo/data/snapshots/7.40-2025-12-16/raw/turbo: 1736 files
  196 days enumerated (first=2025-08-15, last=2026-03-09)
  196 days after HCE date filter
  [10/196] day=2025-08-26 n_raw=1,266,608 n_emit=1,266,608 elapsed=75s est_remain=1388s
  [20/196] day=2025-09-05 n_raw=3,224,201 n_emit=3,224,201 elapsed=184s est_remain=1620s
  [30/196] day=2025-09-15 n_raw=5,266,867 n_emit=5,266,867 elapsed=301s est_remain=1667s
  [40/196] day=2025-09-25 n_raw=6,864,607 n_emit=6,864,607 elapsed=400s est_remain=1561s
  [50/196] day=2025-10-15 n_raw=7,002,730 n_emit=7,002,730 elapsed=428s est_remain=1251s
  [60/196] day=2025-10-25 n_raw=8,298,158 n_emit=8,298,158 elapsed=515s est_remain=1167s
  [70/196] day=2025-11-04 n_raw=10,290,893 n_emit=10,290,171 elapsed=637s est_remain=1147s
  [80/196] day=2025-11-14 n_raw=12,409,210 n_emit=12,407,488 elapsed=769s est_remain=1115s
  [90/196] day=2025-11-24 n_raw=14,916,187 n_emit=14,914,465 elapsed=924s est_remain=1088s
  [100/196] day=2025-12-04 n_raw=17,089,871 n_emit=17,088,149 elapsed=1066s est_remain=1023s
  [110/196] day=2025-12-14 n_raw=19,390,960 n_emit=19,389,238 elapsed=1217s est_remain=952s
  [120/196] day=2025-12-24 n_raw=21,776,607 n_emit=19,623,083 elapsed=1306s est_remain=827s
  [130/196] day=2026-01-03 n_raw=24,055,285 n_emit=19,623,083 elapsed=1385s est_remain=703s
  [140/196] day=2026-01-13 n_raw=26,197,727 n_emit=19,623,083 elapsed=1462s est_remain=585s
  [150/196] day=2026-01-23 n_raw=28,138,064 n_emit=19,623,083 elapsed=1536s est_remain=471s
  [160/196] day=2026-02-02 n_raw=30,125,763 n_emit=19,623,083 elapsed=1611s est_remain=362s
  [170/196] day=2026-02-12 n_raw=31,943,558 n_emit=19,623,083 elapsed=1681s est_remain=257s
  [180/196] day=2026-02-22 n_raw=33,819,032 n_emit=19,623,083 elapsed=1753s est_remain=156s
  [190/196] day=2026-03-04 n_raw=35,632,015 n_emit=19,623,083 elapsed=1825s est_remain=58s
Walk done in 1861s. raw_read=36,548,292 bad_json=0 n_emit=19,623,083
Writing sidecar parquet...
  wrote /mnt/projects/research/dotaml-turbo/experiments/2026-05-25-v3-ablations-740/sidecar/account_ids_train_extended.parquet (19,623,083 rows, 425.4 MB)
DONE.
[2026-05-25T04:20:00+00:00] STEP 1/5 DONE
[2026-05-25T04:20:00+00:00] STEP 2/5: player_id vocab already built, skipping.
[2026-05-25T04:20:00+00:00] STEP 3/5: smoke v3_dur_ce
Ablation: v3_dur_ce (features=True patch=True team_bias=True pmae=True dur_loss_mode=ce player_emb=False)
Reading clean parquet: /mnt/projects/research/dotaml-turbo/data/snapshots/7.40-2025-12-16/processed/player_features_extended/train_smoke.parquet
  train rows: 401,864
Reading clean parquet: /mnt/projects/research/dotaml-turbo/data/snapshots/7.40-2025-12-16/processed/player_features_extended/val_smoke.parquet
  val   rows: 163,190
  vocab: item_vocab_size=305, duration_buckets=8
  rich-cols sidecar: train=train_smoke.parquet, val=val_smoke.parquet
  joining train sidecar...
    sidecar read: 50,000 rows (filtered to clean set)
    items vectorized in 1.0s
  joining val sidecar...
    sidecar read: 5,000 rows (filtered to clean set)
    items vectorized in 0.0s
Data ready in 2.2s -- train=50,000 val=5,000
  train dates 2025-09-15..2025-12-20
  val   dates 2026-02-25..2026-02-25
  canonical_sort=True default_patch_id=1
Model: {'total': 6455021, 'trainable': 6455021, 'embedding': 52224, 'non_embedding': 6402797, 'player_embedding': 0}, device=cuda
  EMA teacher constructed momentum=0.996
  epoch 1/1  tr[w=0.6977 d=2.1899 i=0.59700 kda=0.4799 gpm=0.4460 hd=0.3991 mae=0.0607 tot=1.3813]  vl_win=0.7250  val_auc=0.5048  dur_top1=0.1394 dur_mae_log=0.9556 dur_pearson=0.0355  itemMAP=0.008846414275467396  lr=9.80e-05  alpha_mae=0.100  (5.8s)
    pmae: hero_mask_frac=0.402 (count=2050.1) patch_mask_frac=0.153 s_l2=16.0013 t_l2=16.0002
    patch_auc: {'1': {'n': 5000, 'val_auc': 0.5048027814014021}}
Training done in 5.9s -- best val_auc=0.5048 @ epoch 1
Wrote /mnt/projects/research/dotaml-turbo/experiments/2026-05-25-v3-ablations-740/metrics_smoke_v3_dur_ce.json
[2026-05-25T04:20:11+00:00] STEP 3/5: smoke v3_player_emb
Ablation: v3_player_emb (features=True patch=True team_bias=True pmae=True dur_loss_mode=regression player_emb=True)
Reading clean parquet: /mnt/projects/research/dotaml-turbo/data/snapshots/7.40-2025-12-16/processed/player_features_extended/train_smoke.parquet
  train rows: 401,864
Reading clean parquet: /mnt/projects/research/dotaml-turbo/data/snapshots/7.40-2025-12-16/processed/player_features_extended/val_smoke.parquet
  val   rows: 163,190
  vocab: item_vocab_size=305, duration_buckets=8
  rich-cols sidecar: train=train_smoke.parquet, val=val_smoke.parquet
  player vocab: top-K size=30,000, hash_buckets=1024, hash_base_idx=30001
  joining train sidecar...
    sidecar read: 50,000 rows (filtered to clean set)
    items vectorized in 1.0s
    sidecar account_ids_train.parquet: kept 24,448/13,018,393
    total sidecar mids loaded: 24,448 from 1 path(s)
  joining val sidecar...
    sidecar read: 5,000 rows (filtered to clean set)
    items vectorized in 0.4s
    sidecar account_ids_val.parquet: kept 5,000/2,419,185
    total sidecar mids loaded: 5,000 from 1 path(s)
Data ready in 4.3s -- train=50,000 val=5,000
  train dates 2025-09-15..2025-12-20
  val   dates 2026-02-25..2026-02-25
  canonical_sort=True default_patch_id=1
  account_idx_train_stats: {'n_total_slots': 500000, 'n_anon_slots': 414521, 'n_topK_hits': 11862, 'n_rare_hash_slots': 73617, 'frac_anon': 0.829042, 'frac_topK_hits': 0.023724, 'frac_rare_hash': 0.147234, 'frac_mids_covered': 0.48896}
  account_idx_val_stats: {'n_total_slots': 50000, 'n_anon_slots': 34366, 'n_topK_hits': 2430, 'n_rare_hash_slots': 13204, 'frac_anon': 0.68732, 'frac_topK_hits': 0.0486, 'frac_rare_hash': 0.26408, 'frac_mids_covered': 1.0}
  player_vocab_size=31,025 (top_k=30,000 + hash_buckets=1024 + anon)
Model: {'total': 10457446, 'trainable': 10457446, 'embedding': 4023424, 'non_embedding': 6434022, 'player_embedding': 3971200}, device=cuda
  optimizer: AdamW, 148 decay-param tensors, 1 no-decay (embedding) param tensors
  EMA teacher constructed momentum=0.996
  epoch 1/1  tr[w=0.7125 d=1.2770 i=0.61418 kda=0.4342 gpm=0.4524 hd=0.5737 mae=0.1139 tot=1.3136]  vl_win=0.6920  val_auc=0.4982  dur_top1=0.1298 dur_mae_log=0.2024 dur_pearson=0.0469  itemMAP=0.008515248075127602  lr=9.80e-05  alpha_mae=0.100  (5.9s)
    pmae: hero_mask_frac=0.400 (count=2041.6) patch_mask_frac=0.153 s_l2=16.0017 t_l2=16.0001
    player_emb: mean_l2=0.2258 max_l2=0.2819 anon_row_l2=0.2288
    patch_auc: {'1': {'n': 5000, 'val_auc': 0.49821206868496243}}
Training done in 5.9s -- best val_auc=0.4982 @ epoch 1
Wrote /mnt/projects/research/dotaml-turbo/experiments/2026-05-25-v3-ablations-740/metrics_smoke_v3_player_emb.json
[2026-05-25T04:20:24+00:00] STEP 3/5 DONE
[2026-05-25T04:20:24+00:00] STEP 4/5: v3_dur_ce full training
[2026-05-25T04:20:24+00:00] train.py v3_dur_ce attempt 1/3 START
Ablation: v3_dur_ce (features=True patch=True team_bias=True pmae=True dur_loss_mode=ce player_emb=False)
Reading clean parquet: /mnt/projects/research/dotaml-turbo/data/snapshots/7.40-2025-12-16/processed/player_features_extended/train.parquet
  train rows: 32,641,476
Reading clean parquet: /mnt/projects/research/dotaml-turbo/data/snapshots/7.40-2025-12-16/processed/player_features_extended/val.parquet
  val   rows: 2,419,185
  vocab: item_vocab_size=305, duration_buckets=8
  rich-cols sidecar: train=train.parquet, val=val.parquet
  joining train sidecar...
    sidecar read: 5,000,000 rows (filtered to clean set)
    items vectorized in 80.3s
  joining val sidecar...
    sidecar read: 2,419,185 rows (filtered to clean set)
    items vectorized in 102.0s
Data ready in 319.2s -- train=5,000,000 val=2,419,185
  train dates 2025-08-15..2026-02-23
  val   dates 2026-02-24..2026-03-09
  canonical_sort=True default_patch_id=1
Model: {'total': 6455021, 'trainable': 6455021, 'embedding': 52224, 'non_embedding': 6402797, 'player_embedding': 0}, device=cuda
  EMA teacher constructed momentum=0.996
  epoch 1/30  tr[w=0.6800 d=2.0706 i=0.09574 kda=0.4517 gpm=0.2430 hd=0.3842 mae=0.0189 tot=1.1459]  vl_win=0.6685  val_auc=0.6204  dur_top1=0.1679 dur_mae_log=0.9155 dur_pearson=0.2077  itemMAP=0.1387675404548645  lr=9.98e-04  alpha_mae=0.970  (731.9s)
    pmae: hero_mask_frac=0.403 (count=2062.1) patch_mask_frac=0.155 s_l2=13.2866 t_l2=13.6061
    patch_auc: {'1': {'n': 2419185, 'val_auc': 0.6203666394123475}}
  epoch 2/30  tr[w=0.6742 d=2.0604 i=0.08787 kda=0.4460 gpm=0.2366 hd=0.3780 mae=0.0088 tot=1.1240]  vl_win=0.6633  val_auc=0.6298  dur_top1=0.1751 dur_mae_log=0.6342 dur_pearson=0.2370  itemMAP=0.16181997954845428  lr=9.90e-04  alpha_mae=0.940  (726.5s)
    pmae: hero_mask_frac=0.403 (count=2062.7) patch_mask_frac=0.155 s_l2=13.2732 t_l2=13.4254
    patch_auc: {'1': {'n': 2419185, 'val_auc': 0.6298256906059149}}
  epoch 3/30  tr[w=0.6730 d=2.0585 i=0.08704 kda=0.4444 gpm=0.2349 hd=0.3767 mae=0.0080 tot=1.1209]  vl_win=0.6639  val_auc=0.6285  dur_top1=0.1750 dur_mae_log=0.7653 dur_pearson=0.2276  itemMAP=0.1684090942144394  lr=9.77e-04  alpha_mae=0.910  (726.1s)
    pmae: hero_mask_frac=0.403 (count=2062.9) patch_mask_frac=0.155 s_l2=13.9277 t_l2=14.0643
    patch_auc: {'1': {'n': 2419185, 'val_auc': 0.6284952749342365}}
  epoch 4/30  tr[w=0.6724 d=2.0572 i=0.08634 kda=0.4435 gpm=0.2338 hd=0.3756 mae=0.0084 tot=1.1197]  vl_win=0.6619  val_auc=0.6331  dur_top1=0.1757 dur_mae_log=0.6690 dur_pearson=0.2303  itemMAP=0.18779748678207397  lr=9.59e-04  alpha_mae=0.880  (724.2s)
    pmae: hero_mask_frac=0.403 (count=2062.9) patch_mask_frac=0.154 s_l2=15.1540 t_l2=15.2902
    patch_auc: {'1': {'n': 2419185, 'val_auc': 0.6330665038550619}}
  epoch 5/30  tr[w=0.6720 d=2.0567 i=0.08533 kda=0.4422 gpm=0.2327 hd=0.3746 mae=0.0104 tot=1.1201]  vl_win=0.6621  val_auc=0.6329  dur_top1=0.1764 dur_mae_log=0.7699 dur_pearson=0.2270  itemMAP=0.20633867383003235  lr=9.36e-04  alpha_mae=0.850  (784.0s)
    pmae: hero_mask_frac=0.403 (count=2062.3) patch_mask_frac=0.155 s_l2=15.7857 t_l2=15.9512
    patch_auc: {'1': {'n': 2419185, 'val_auc': 0.6329395078569796}}
  epoch 6/30  tr[w=0.6721 d=2.0568 i=0.08491 kda=0.4418 gpm=0.2323 hd=0.3743 mae=0.0104 tot=1.1196]  vl_win=0.6634  val_auc=0.6301  dur_top1=0.1754 dur_mae_log=0.8560 dur_pearson=0.2217  itemMAP=0.21033965051174164  lr=9.08e-04  alpha_mae=0.820  (783.9s)
    pmae: hero_mask_frac=0.403 (count=2062.4) patch_mask_frac=0.155 s_l2=16.5446 t_l2=16.7102
    patch_auc: {'1': {'n': 2419185, 'val_auc': 0.6301336097816476}}
  epoch 7/30  tr[w=0.6718 d=2.0565 i=0.08434 kda=0.4409 gpm=0.2313 hd=0.3733 mae=0.0129 tot=1.1205]  vl_win=0.6617  val_auc=0.6351  dur_top1=0.1727 dur_mae_log=0.7702 dur_pearson=0.2280  itemMAP=0.23245450854301453  lr=8.76e-04  alpha_mae=0.790  (726.5s)
    pmae: hero_mask_frac=0.403 (count=2062.4) patch_mask_frac=0.155 s_l2=19.4852 t_l2=19.6632
    patch_auc: {'1': {'n': 2419185, 'val_auc': 0.6351185666634797}}
  epoch 8/30  tr[w=0.6716 d=2.0562 i=0.08396 kda=0.4401 gpm=0.2307 hd=0.3726 mae=0.0190 tot=1.1243]  vl_win=0.6638  val_auc=0.6305  dur_top1=0.1755 dur_mae_log=0.6836 dur_pearson=0.2276  itemMAP=0.22457875311374664  lr=8.39e-04  alpha_mae=0.760  (727.0s)
    pmae: hero_mask_frac=0.403 (count=2062.8) patch_mask_frac=0.155 s_l2=21.9566 t_l2=22.1887
    patch_auc: {'1': {'n': 2419185, 'val_auc': 0.6304931024939169}}
  epoch 9/30  tr[w=0.6716 d=2.0563 i=0.08404 kda=0.4403 gpm=0.2309 hd=0.3728 mae=0.0187 tot=1.1237]  vl_win=0.6638  val_auc=0.6339  dur_top1=0.1765 dur_mae_log=0.7137 dur_pearson=0.2288  itemMAP=0.23343037068843842  lr=7.99e-04  alpha_mae=0.730  (727.4s)
    pmae: hero_mask_frac=0.403 (count=2063.0) patch_mask_frac=0.155 s_l2=23.3833 t_l2=23.6023
    patch_auc: {'1': {'n': 2419185, 'val_auc': 0.6338987838397295}}
  epoch 10/30  tr[w=0.6714 d=2.0561 i=0.08370 kda=0.4397 gpm=0.2303 hd=0.3722 mae=0.0201 tot=1.1235]  vl_win=0.6625  val_auc=0.6341  dur_top1=0.1755 dur_mae_log=0.7141 dur_pearson=0.2269  itemMAP=0.2419898360967636  lr=7.56e-04  alpha_mae=0.700  (726.7s)
    pmae: hero_mask_frac=0.403 (count=2062.7) patch_mask_frac=0.154 s_l2=25.8777 t_l2=26.0934
    patch_auc: {'1': {'n': 2419185, 'val_auc': 0.6340513537284636}}
  epoch 11/30  tr[w=0.6712 d=2.0558 i=0.08349 kda=0.4392 gpm=0.2299 hd=0.3717 mae=0.0267 tot=1.1269]  vl_win=0.6611  val_auc=0.6349  dur_top1=0.1763 dur_mae_log=0.5942 dur_pearson=0.2396  itemMAP=0.2509700357913971  lr=7.09e-04  alpha_mae=0.670  (781.8s)
    pmae: hero_mask_frac=0.403 (count=2062.8) patch_mask_frac=0.155 s_l2=27.3415 t_l2=27.6078
    patch_auc: {'1': {'n': 2419185, 'val_auc': 0.6348820199965475}}
  epoch 12/30  tr[w=0.6712 d=2.0557 i=0.08336 kda=0.4389 gpm=0.2296 hd=0.3716 mae=0.0312 tot=1.1290]  vl_win=0.6618  val_auc=0.6334  dur_top1=0.1767 dur_mae_log=0.7383 dur_pearson=0.2278  itemMAP=0.24764293432235718  lr=6.61e-04  alpha_mae=0.640  (725.2s)
    pmae: hero_mask_frac=0.403 (count=2062.9) patch_mask_frac=0.155 s_l2=27.9881 t_l2=28.2969
    patch_auc: {'1': {'n': 2419185, 'val_auc': 0.6334481105660872}}
  epoch 13/30  tr[w=0.6711 d=2.0555 i=0.08330 kda=0.4388 gpm=0.2295 hd=0.3714 mae=0.0314 tot=1.1281]  vl_win=0.6618  val_auc=0.6335  dur_top1=0.1757 dur_mae_log=0.7594 dur_pearson=0.2285  itemMAP=0.25301676988601685  lr=6.11e-04  alpha_mae=0.610  (783.8s)
    pmae: hero_mask_frac=0.403 (count=2062.6) patch_mask_frac=0.155 s_l2=31.1592 t_l2=31.4359
    patch_auc: {'1': {'n': 2419185, 'val_auc': 0.6335012306788711}}
  epoch 14/30  tr[w=0.6712 d=2.0556 i=0.08347 kda=0.4392 gpm=0.2299 hd=0.3717 mae=0.0302 tot=1.1267]  vl_win=0.6623  val_auc=0.6326  dur_top1=0.1770 dur_mae_log=0.7386 dur_pearson=0.2284  itemMAP=0.24927054345607758  lr=5.60e-04  alpha_mae=0.580  (780.4s)
    pmae: hero_mask_frac=0.403 (count=2062.7) patch_mask_frac=0.155 s_l2=34.2667 t_l2=34.5119
    patch_auc: {'1': {'n': 2419185, 'val_auc': 0.6326205778492588}}
  epoch 15/30  tr[w=0.6715 d=2.0556 i=0.08348 kda=0.4392 gpm=0.2299 hd=0.3717 mae=0.0332 tot=1.1277]  vl_win=0.6626  val_auc=0.6320  dur_top1=0.1760 dur_mae_log=0.7076 dur_pearson=0.2257  itemMAP=0.23885869979858398  lr=5.08e-04  alpha_mae=0.550  (779.5s)
    pmae: hero_mask_frac=0.403 (count=2062.7) patch_mask_frac=0.154 s_l2=35.4520 t_l2=35.7115
    patch_auc: {'1': {'n': 2419185, 'val_auc': 0.6319832306845838}}
  epoch 16/30  tr[w=0.6713 d=2.0553 i=0.08341 kda=0.4389 gpm=0.2298 hd=0.3716 mae=0.0327 tot=1.1261]  vl_win=0.6632  val_auc=0.6307  dur_top1=0.1763 dur_mae_log=0.7605 dur_pearson=0.2229  itemMAP=0.2519947290420532  lr=4.56e-04  alpha_mae=0.520  (725.9s)
    pmae: hero_mask_frac=0.403 (count=2062.7) patch_mask_frac=0.155 s_l2=36.4821 t_l2=36.7327
    patch_auc: {'1': {'n': 2419185, 'val_auc': 0.6306953008880077}}
  early stop at epoch 16 (best 11)
Training done in 11961.0s -- best val_auc=0.6349 @ epoch 11
Wrote /mnt/projects/research/dotaml-turbo/experiments/2026-05-25-v3-ablations-740/metrics_v3_dur_ce.json
[2026-05-25T07:45:17+00:00] v3_dur_ce attempt 1 SUCCESS
[2026-05-25T07:45:17+00:00] STEP 4/5 DONE rc=0
[2026-05-25T07:45:17+00:00] STEP 5/5: v3_player_emb full training
[2026-05-25T07:45:17+00:00] train.py v3_player_emb attempt 1/3 START
Ablation: v3_player_emb (features=True patch=True team_bias=True pmae=True dur_loss_mode=regression player_emb=True)
Reading clean parquet: /mnt/projects/research/dotaml-turbo/data/snapshots/7.40-2025-12-16/processed/player_features_extended/train.parquet
  train rows: 32,641,476
Reading clean parquet: /mnt/projects/research/dotaml-turbo/data/snapshots/7.40-2025-12-16/processed/player_features_extended/val.parquet
  val   rows: 2,419,185
  vocab: item_vocab_size=305, duration_buckets=8
  rich-cols sidecar: train=train.parquet, val=val.parquet
  player vocab: top-K size=30,000, hash_buckets=1024, hash_base_idx=30001
  joining train sidecar...
    sidecar read: 5,000,000 rows (filtered to clean set)
    items vectorized in 80.3s
    sidecar account_ids_train_extended.parquet: kept 3,005,640/19,623,083
    sidecar account_ids_train.parquet: kept 1,994,360/13,018,393
    total sidecar mids loaded: 5,000,000 from 2 path(s)
  joining val sidecar...
    sidecar read: 2,419,185 rows (filtered to clean set)
    items vectorized in 100.2s
    sidecar account_ids_val.parquet: kept 2,419,185/2,419,185
    total sidecar mids loaded: 2,419,185 from 1 path(s)
Data ready in 347.8s -- train=5,000,000 val=2,419,185
  train dates 2025-08-15..2026-02-23
  val   dates 2026-02-24..2026-03-09
  canonical_sort=True default_patch_id=1
  account_idx_train_stats: {'n_total_slots': 50000000, 'n_anon_slots': 32790286, 'n_topK_hits': 2210176, 'n_rare_hash_slots': 14999538, 'frac_anon': 0.65580572, 'frac_topK_hits': 0.04420352, 'frac_rare_hash': 0.29999076, 'frac_mids_covered': 1.0}
  account_idx_val_stats: {'n_total_slots': 24191850, 'n_anon_slots': 16448705, 'n_topK_hits': 1147742, 'n_rare_hash_slots': 6595403, 'frac_anon': 0.6799275375798047, 'frac_topK_hits': 0.04744333318865651, 'frac_rare_hash': 0.2726291292315387, 'frac_mids_covered': 1.0}
  player_vocab_size=31,025 (top_k=30,000 + hash_buckets=1024 + anon)
Model: {'total': 10457446, 'trainable': 10457446, 'embedding': 4023424, 'non_embedding': 6434022, 'player_embedding': 3971200}, device=cuda
  optimizer: AdamW, 148 decay-param tensors, 1 no-decay (embedding) param tensors
  EMA teacher constructed momentum=0.996
  epoch 1/30  tr[w=0.6812 d=0.0435 i=0.09612 kda=0.4517 gpm=0.2425 hd=0.3855 mae=0.0115 tot=0.8359]  vl_win=0.6682  val_auc=0.6210  dur_top1=0.1274 dur_mae_log=0.1959 dur_pearson=0.2026  itemMAP=0.14273934066295624  lr=9.98e-04  alpha_mae=0.970  (732.2s)
    pmae: hero_mask_frac=0.403 (count=2062.4) patch_mask_frac=0.155 s_l2=13.7599 t_l2=13.9278
    player_emb: mean_l2=0.9813 max_l2=2.4939 anon_row_l2=0.2632
    patch_auc: {'1': {'n': 2419185, 'val_auc': 0.6210421877803557}}
  epoch 2/30  tr[w=0.6746 d=0.0287 i=0.08718 kda=0.4447 gpm=0.2349 hd=0.3770 mae=0.0069 tot=0.8173]  vl_win=0.6648  val_auc=0.6290  dur_top1=0.1302 dur_mae_log=0.1932 dur_pearson=0.2359  itemMAP=0.1812153458595276  lr=9.90e-04  alpha_mae=0.940  (726.3s)
    pmae: hero_mask_frac=0.403 (count=2062.3) patch_mask_frac=0.155 s_l2=10.8863 t_l2=11.0419
    player_emb: mean_l2=1.4143 max_l2=4.4743 anon_row_l2=0.0949
    patch_auc: {'1': {'n': 2419185, 'val_auc': 0.6290352436795061}}
  epoch 3/30  tr[w=0.6714 d=0.0284 i=0.08516 kda=0.4412 gpm=0.2315 hd=0.3738 mae=0.0101 tot=0.8152]  vl_win=0.6650  val_auc=0.6270  dur_top1=0.1321 dur_mae_log=0.1908 dur_pearson=0.2484  itemMAP=0.23346230387687683  lr=9.77e-04  alpha_mae=0.910  (727.3s)
    pmae: hero_mask_frac=0.403 (count=2062.9) patch_mask_frac=0.155 s_l2=12.0156 t_l2=12.2238
    player_emb: mean_l2=1.7923 max_l2=5.4974 anon_row_l2=0.0891
    patch_auc: {'1': {'n': 2419185, 'val_auc': 0.6269838904650886}}
  epoch 4/30  tr[w=0.6683 d=0.0281 i=0.08342 kda=0.4385 gpm=0.2289 hd=0.3714 mae=0.0162 tot=0.8159]  vl_win=0.6650  val_auc=0.6276  dur_top1=0.1337 dur_mae_log=0.1899 dur_pearson=0.2688  itemMAP=0.28355664014816284  lr=9.59e-04  alpha_mae=0.880  (782.0s)
    pmae: hero_mask_frac=0.403 (count=2063.2) patch_mask_frac=0.154 s_l2=14.4424 t_l2=14.7198
    player_emb: mean_l2=2.1220 max_l2=5.5579 anon_row_l2=0.1059
    patch_auc: {'1': {'n': 2419185, 'val_auc': 0.6275945171765992}}
  epoch 5/30  tr[w=0.6644 d=0.0280 i=0.08278 kda=0.4371 gpm=0.2277 hd=0.3702 mae=0.0187 tot=0.8132]  vl_win=0.6711  val_auc=0.6228  dur_top1=0.1348 dur_mae_log=0.1906 dur_pearson=0.2756  itemMAP=0.2925841212272644  lr=9.36e-04  alpha_mae=0.850  (783.6s)
    pmae: hero_mask_frac=0.403 (count=2062.3) patch_mask_frac=0.155 s_l2=15.8639 t_l2=16.1569
    player_emb: mean_l2=2.4020 max_l2=5.7928 anon_row_l2=0.1491
    patch_auc: {'1': {'n': 2419185, 'val_auc': 0.6228133535546542}}
  epoch 6/30  tr[w=0.6600 d=0.0280 i=0.08259 kda=0.4365 gpm=0.2269 hd=0.3699 mae=0.0195 tot=0.8086]  vl_win=0.6758  val_auc=0.6162  dur_top1=0.1338 dur_mae_log=0.1894 dur_pearson=0.2825  itemMAP=0.29449474811553955  lr=9.08e-04  alpha_mae=0.820  (726.9s)
    pmae: hero_mask_frac=0.403 (count=2062.5) patch_mask_frac=0.155 s_l2=15.8161 t_l2=16.1261
    player_emb: mean_l2=2.6366 max_l2=6.0409 anon_row_l2=0.1496
    patch_auc: {'1': {'n': 2419185, 'val_auc': 0.6162336981699821}}
  epoch 7/30  tr[w=0.6550 d=0.0279 i=0.08246 kda=0.4359 gpm=0.2262 hd=0.3695 mae=0.0192 tot=0.8025]  vl_win=0.6840  val_auc=0.6114  dur_top1=0.1360 dur_mae_log=0.1913 dur_pearson=0.2836  itemMAP=0.29966455698013306  lr=8.76e-04  alpha_mae=0.790  (782.6s)
    pmae: hero_mask_frac=0.403 (count=2062.2) patch_mask_frac=0.155 s_l2=16.8254 t_l2=17.1139
    player_emb: mean_l2=2.8335 max_l2=6.3968 anon_row_l2=0.1589
    patch_auc: {'1': {'n': 2419185, 'val_auc': 0.611381008532661}}
  early stop at epoch 7 (best 2)
Training done in 5261.0s -- best val_auc=0.6290 @ epoch 2
Wrote /mnt/projects/research/dotaml-turbo/experiments/2026-05-25-v3-ablations-740/metrics_v3_player_emb.json
[2026-05-25T09:19:00+00:00] v3_player_emb attempt 1 SUCCESS
[2026-05-25T09:19:00+00:00] STEP 5/5 DONE rc=0
A1 (v3_dur_ce) val_auc=0.6348820199965475; A2 (v3_player_emb) val_auc=0.6290352436795061
metrics.json <- v3_dur_ce (0.6348820199965475)
===== v3-ablations-740 run_all DONE rc_a1=0 rc_a2=0 2026-05-25T09:19:00+00:00 =====
