===== v6-jepa-pretrain-finetune-740 run_all START 2026-05-26T08:10:38+00:00 =====
[2026-05-26T08:10:38+00:00] STEP 1/5: smoke pretrain
[2026-05-26T08:10:38+00:00] smoke-pretrain attempt 1/3 START
[pretrain] smoke=True max_epochs=1 p_group=0.4 ema=0.996
Reading clean parquet: /mnt/projects/research/dotaml-turbo/data/snapshots/7.40-2025-12-16/processed/player_features_extended/train_smoke.parquet
  train rows: 401,864
Reading clean parquet: /mnt/projects/research/dotaml-turbo/data/snapshots/7.40-2025-12-16/processed/player_features_extended/val_smoke.parquet
  val   rows: 163,190
  vocab: item_vocab_size=305, duration_buckets=8
  rich-cols sidecar: train=train_smoke.parquet, val=val_smoke.parquet
  joining train sidecar...
    sidecar read: 50,000 rows (filtered to clean set)
    items vectorized in 1.0s
  joining val sidecar...
    sidecar read: 5,000 rows (filtered to clean set)
    items vectorized in 0.1s
[pretrain] data ready in 2.3s — train=50,000 val=5,000
[pretrain] model: {'total': 6652880, 'trainable': 6652880, 'embedding': 49920, 'non_embedding': 6602960}
[pretrain] EMA teacher constructed momentum=0.996
[pretrain] JEPA predictor: 131,584 params
[pretrain] epoch 1/1  jepa_loss=0.2601  lr=9.80e-05  (4.6s)
    mask rates: player_block=0.402 hero_token=0.403 item_list=0.400 kda=0.399 gpm=0.399 hd=0.396
    rep_l2_mean=16.0149 rep_l2_std=0.0007 pairwise_cos_mean=0.9842 collapse_warning=True masked_slots/batch=4867.0
    mid_probe[epoch 1]: val_auc=0.4740 (0.3s)
[pretrain] wrote /mnt/projects/research/dotaml-turbo/experiments/2026-05-26-v6-jepa-pretrain-finetune-740/results/pretrain_encoder_smoke.pt
[pretrain] wrote /mnt/projects/research/dotaml-turbo/experiments/2026-05-26-v6-jepa-pretrain-finetune-740/results/pretrain_history_smoke.json
[pretrain] wrote /mnt/projects/research/dotaml-turbo/experiments/2026-05-26-v6-jepa-pretrain-finetune-740/results/mid_probe_history_smoke.json
[2026-05-26T08:10:47+00:00] smoke-pretrain attempt 1 SUCCESS
[2026-05-26T08:10:47+00:00] STEP 2/5: smoke finetune
[2026-05-26T08:10:47+00:00] smoke-finetune attempt 1/3 START
Reading clean parquet: /mnt/projects/research/dotaml-turbo/data/snapshots/7.40-2025-12-16/processed/player_features_extended/train_smoke.parquet
  train rows: 401,864
Reading clean parquet: /mnt/projects/research/dotaml-turbo/data/snapshots/7.40-2025-12-16/processed/player_features_extended/val_smoke.parquet
  val   rows: 163,190
  vocab: item_vocab_size=305, duration_buckets=8
  rich-cols sidecar: train=train_smoke.parquet, val=val_smoke.parquet
  joining train sidecar...
    sidecar read: 50,000 rows (filtered to clean set)
    items vectorized in 1.1s
  joining val sidecar...
    sidecar read: 5,000 rows (filtered to clean set)
    items vectorized in 0.1s
[finetune] data ready in 2.4s — train=50,000 val=5,000
[finetune] loaded encoder from /mnt/projects/research/dotaml-turbo/experiments/2026-05-26-v6-jepa-pretrain-finetune-740/results/pretrain_encoder_smoke.pt; model: {'total': 6652880, 'trainable': 6652880, 'embedding': 49920, 'non_embedding': 6602960}
[finetune] encoder L2-norm pre-finetune: 120.5783
[finetune] optimizer: 116 encoder tensors (lr=1e-05), 51 head tensors (lr=0.001)
[finetune] epoch 1/1  tr[w=0.6930 d=2.1539 i=0.62080 kda=0.4352 gpm=0.5052 hd=0.6046]  vl_win=0.6942  val_auc=0.4967  enc_lr=9.80e-07 head_lr=9.80e-05  (5.2s)
[finetune] encoder L2-norm post-finetune: 120.5783 (delta -0.0000, frac +1.0000x)
[finetune] wrote /mnt/projects/research/dotaml-turbo/experiments/2026-05-26-v6-jepa-pretrain-finetune-740/metrics_finetune_smoke.json
[2026-05-26T08:10:57+00:00] smoke-finetune attempt 1 SUCCESS
[2026-05-26T08:10:58+00:00] STEP 3/5: full pretrain (~6h)
[2026-05-26T08:10:58+00:00] pretrain attempt 1/3 START
[pretrain] smoke=False max_epochs=20 p_group=0.4 ema=0.996
Reading clean parquet: /mnt/projects/research/dotaml-turbo/data/snapshots/7.40-2025-12-16/processed/player_features_extended/train.parquet
  train rows: 32,641,476
Reading clean parquet: /mnt/projects/research/dotaml-turbo/data/snapshots/7.40-2025-12-16/processed/player_features_extended/val.parquet
  val   rows: 2,419,185
  vocab: item_vocab_size=305, duration_buckets=8
  rich-cols sidecar: train=train.parquet, val=val.parquet
  joining train sidecar...
    sidecar read: 5,000,000 rows (filtered to clean set)
    items vectorized in 79.7s
  joining val sidecar...
    sidecar read: 2,419,185 rows (filtered to clean set)
    items vectorized in 101.3s
[pretrain] data ready in 323.3s — train=5,000,000 val=2,419,185
[pretrain] model: {'total': 6652880, 'trainable': 6652880, 'embedding': 49920, 'non_embedding': 6602960}
[pretrain] EMA teacher constructed momentum=0.996
[pretrain] JEPA predictor: 131,584 params
[pretrain] epoch 1/20  jepa_loss=0.0284  lr=9.95e-04  (373.2s)
    mask rates: player_block=0.400 hero_token=0.400 item_list=0.400 kda=0.400 gpm=0.400 hd=0.400
    rep_l2_mean=14.4404 rep_l2_std=0.0719 pairwise_cos_mean=0.9722 collapse_warning=True masked_slots/batch=4880.2
[pretrain] epoch 2/20  jepa_loss=0.0102  lr=9.78e-04  (496.9s)
    mask rates: player_block=0.400 hero_token=0.400 item_list=0.400 kda=0.400 gpm=0.400 hd=0.400
    rep_l2_mean=10.3994 rep_l2_std=0.1393 pairwise_cos_mean=0.9683 collapse_warning=True masked_slots/batch=4881.5
[pretrain] epoch 3/20  jepa_loss=0.0041  lr=9.49e-04  (431.2s)
    mask rates: player_block=0.400 hero_token=0.400 item_list=0.400 kda=0.400 gpm=0.400 hd=0.400
    rep_l2_mean=7.6755 rep_l2_std=0.1801 pairwise_cos_mean=0.9751 collapse_warning=True masked_slots/batch=4880.7
[pretrain] epoch 4/20  jepa_loss=0.0026  lr=9.09e-04  (431.4s)
    mask rates: player_block=0.400 hero_token=0.400 item_list=0.400 kda=0.400 gpm=0.400 hd=0.400
    rep_l2_mean=5.7409 rep_l2_std=0.1997 pairwise_cos_mean=0.9732 collapse_warning=True masked_slots/batch=4881.4
[pretrain] epoch 5/20  jepa_loss=0.0021  lr=8.59e-04  (431.0s)
    mask rates: player_block=0.400 hero_token=0.400 item_list=0.400 kda=0.400 gpm=0.400 hd=0.400
    rep_l2_mean=4.3936 rep_l2_std=0.2112 pairwise_cos_mean=0.9670 collapse_warning=True masked_slots/batch=4881.2
    mid_probe[epoch 5]: val_auc=0.5013 (8.4s)
[pretrain] epoch 6/20  jepa_loss=0.0018  lr=8.00e-04  (491.7s)
    mask rates: player_block=0.400 hero_token=0.400 item_list=0.400 kda=0.400 gpm=0.400 hd=0.400
    rep_l2_mean=3.6230 rep_l2_std=0.2396 pairwise_cos_mean=0.9555 collapse_warning=True masked_slots/batch=4880.9
[pretrain] epoch 7/20  jepa_loss=0.0017  lr=7.34e-04  (435.7s)
    mask rates: player_block=0.400 hero_token=0.400 item_list=0.400 kda=0.400 gpm=0.400 hd=0.400
    rep_l2_mean=3.1893 rep_l2_std=0.2829 pairwise_cos_mean=0.9450 collapse_warning=True masked_slots/batch=4880.5
[pretrain] epoch 8/20  jepa_loss=0.0016  lr=6.63e-04  (435.2s)
    mask rates: player_block=0.400 hero_token=0.400 item_list=0.400 kda=0.400 gpm=0.400 hd=0.400
    rep_l2_mean=2.8970 rep_l2_std=0.3124 pairwise_cos_mean=0.9339 collapse_warning=False masked_slots/batch=4880.7
[pretrain] epoch 9/20  jepa_loss=0.0015  lr=5.87e-04  (435.7s)
    mask rates: player_block=0.400 hero_token=0.400 item_list=0.400 kda=0.400 gpm=0.400 hd=0.400
    rep_l2_mean=2.6905 rep_l2_std=0.3353 pairwise_cos_mean=0.9207 collapse_warning=False masked_slots/batch=4881.2
[pretrain] epoch 10/20  jepa_loss=0.0014  lr=5.09e-04  (432.0s)
    mask rates: player_block=0.400 hero_token=0.400 item_list=0.400 kda=0.400 gpm=0.400 hd=0.400
    rep_l2_mean=2.5416 rep_l2_std=0.3555 pairwise_cos_mean=0.9114 collapse_warning=False masked_slots/batch=4880.6
    mid_probe[epoch 10]: val_auc=0.5017 (8.3s)
[pretrain] epoch 11/20  jepa_loss=0.0014  lr=4.31e-04  (431.6s)
    mask rates: player_block=0.400 hero_token=0.400 item_list=0.400 kda=0.400 gpm=0.400 hd=0.400
    rep_l2_mean=2.4503 rep_l2_std=0.3671 pairwise_cos_mean=0.9032 collapse_warning=False masked_slots/batch=4881.3
