===== upstream-data-cleanup-740 RESUME (post-OOM, build already done) START 2026-05-19T10:42:00+00:00 =====
[2026-05-19T10:42:00+00:00] STEP 2/3: train_lgbm.py features_only START
Reading augmented parquet: /mnt/projects/research/dotaml-turbo/data/snapshots/7.40-2025-12-16/processed/player_features_prepatch_clean/train.parquet, /mnt/projects/research/dotaml-turbo/data/snapshots/7.40-2025-12-16/processed/player_features_prepatch_clean/val.parquet
  train rows: 13,018,393
  val   rows: 2,419,185
  train dates: ('2025-12-16', '2026-02-23')
  val   dates: ('2026-02-24', '2026-03-09')
  Radiant base rate — train: 0.5335, val: 0.5326
  Subsampled train: 5,000,000 (target=5,000,000)
Building features (ablation=features_only)...
  Xtr: (5000000, 80), Xva: (2419185, 80), build=8.4s
LightGBM params: {'objective': 'binary', 'metric': ['binary_logloss', 'auc'], 'learning_rate': 0.1, 'num_leaves': 31, 'feature_fraction': 1.0, 'bagging_fraction': 1.0, 'min_data_in_leaf': 20, 'reg_alpha': 0.0, 'reg_lambda': 0.0, 'num_threads': 16, 'verbose': -1, 'seed': 42, 'feature_pre_filter': False}, num_boost_round=500
Training 500 rounds...
[50]	train's binary_logloss: 0.675097	train's auc: 0.603276	val's binary_logloss: 0.677439	val's auc: 0.594289
[100]	train's binary_logloss: 0.672142	train's auc: 0.610233	val's binary_logloss: 0.675172	val's auc: 0.6003
[150]	train's binary_logloss: 0.670796	train's auc: 0.613522	val's binary_logloss: 0.67417	val's auc: 0.603053
[200]	train's binary_logloss: 0.669942	train's auc: 0.615646	val's binary_logloss: 0.673614	val's auc: 0.604591
[250]	train's binary_logloss: 0.669316	train's auc: 0.61721	val's binary_logloss: 0.673286	val's auc: 0.60548
[300]	train's binary_logloss: 0.668835	train's auc: 0.618465	val's binary_logloss: 0.673116	val's auc: 0.605929
[350]	train's binary_logloss: 0.668426	train's auc: 0.619553	val's binary_logloss: 0.673027	val's auc: 0.60618
[400]	train's binary_logloss: 0.668062	train's auc: 0.620544	val's binary_logloss: 0.672982	val's auc: 0.606293
[450]	train's binary_logloss: 0.667712	train's auc: 0.621493	val's binary_logloss: 0.672962	val's auc: 0.60634
[500]	train's binary_logloss: 0.667368	train's auc: 0.622432	val's binary_logloss: 0.672941	val's auc: 0.606398
  train: auc=0.6224 acc=0.5908 logloss=0.6674
  val:   auc=0.6064 acc=0.5798 logloss=0.6729 brier=0.2401
Wrote /mnt/projects/research/dotaml-turbo/experiments/2026-05-19-upstream-data-cleanup-740/metrics_ablation_features_only.json
[2026-05-19T10:44:51+00:00] STEP 2/3: train_lgbm.py features_only DONE
[2026-05-19T10:44:51+00:00] STEP 3/3: train_tfm transformer_plus_features attempt 1/3 START
/mnt/projects/research/dotaml-turbo/.venv/lib/python3.12/site-packages/torch/nn/modules/transformer.py:392: UserWarning: enable_nested_tensor is True, but self.use_nested_tensor is False because encoder_layer.norm_first was True
  warnings.warn(
Ablation: transformer_plus_features (use_features=True)
Reading clean parquet: /mnt/projects/research/dotaml-turbo/data/snapshots/7.40-2025-12-16/processed/player_features_prepatch_clean/train.parquet
  train rows: 13,018,393
Reading clean parquet: /mnt/projects/research/dotaml-turbo/data/snapshots/7.40-2025-12-16/processed/player_features_prepatch_clean/val.parquet
  val   rows: 2,419,185
Data ready in 13.6s — train=5,000,000 val=2,419,185
  train dates 2025-12-16..2026-02-23
  val   dates 2026-02-24..2026-03-09
  radiant base rate (train sub) 0.5335, val 0.5326
Model: {'total': 77377, 'trainable': 77377, 'embedding': 9792, 'non_embedding': 67585}, device=cuda, dtype=bf16-autocast
  epoch 1/30  train_loss=0.6830  val_loss=0.6724  val_auc=0.6189  val_acc=0.5838  (55.7s)
  epoch 2/30  train_loss=0.6654  val_loss=0.6682  val_auc=0.6219  val_acc=0.5891  (55.8s)
  epoch 3/30  train_loss=0.6640  val_loss=0.6662  val_auc=0.6250  val_acc=0.5920  (55.1s)
  epoch 4/30  train_loss=0.6621  val_loss=0.6647  val_auc=0.6280  val_acc=0.5938  (55.4s)
  epoch 5/30  train_loss=0.6601  val_loss=0.6639  val_auc=0.6285  val_acc=0.5942  (55.9s)
  epoch 6/30  train_loss=0.6586  val_loss=0.6613  val_auc=0.6335  val_acc=0.5974  (55.7s)
  epoch 7/30  train_loss=0.6574  val_loss=0.6599  val_auc=0.6374  val_acc=0.5993  (55.7s)
  epoch 8/30  train_loss=0.6563  val_loss=0.6598  val_auc=0.6380  val_acc=0.5997  (55.3s)
  epoch 9/30  train_loss=0.6553  val_loss=0.6588  val_auc=0.6386  val_acc=0.6009  (55.5s)
  epoch 10/30  train_loss=0.6546  val_loss=0.6584  val_auc=0.6413  val_acc=0.6019  (55.3s)
  epoch 11/30  train_loss=0.6538  val_loss=0.6573  val_auc=0.6429  val_acc=0.6037  (55.4s)
  epoch 12/30  train_loss=0.6532  val_loss=0.6576  val_auc=0.6429  val_acc=0.6029  (55.9s)
  epoch 13/30  train_loss=0.6527  val_loss=0.6563  val_auc=0.6438  val_acc=0.6045  (55.8s)
  epoch 14/30  train_loss=0.6522  val_loss=0.6558  val_auc=0.6452  val_acc=0.6054  (55.2s)
  epoch 15/30  train_loss=0.6520  val_loss=0.6560  val_auc=0.6449  val_acc=0.6055  (55.4s)
  epoch 16/30  train_loss=0.6515  val_loss=0.6558  val_auc=0.6452  val_acc=0.6058  (55.1s)
  epoch 17/30  train_loss=0.6512  val_loss=0.6557  val_auc=0.6453  val_acc=0.6057  (55.5s)
  epoch 18/30  train_loss=0.6508  val_loss=0.6556  val_auc=0.6462  val_acc=0.6059  (56.1s)
  epoch 19/30  train_loss=0.6505  val_loss=0.6556  val_auc=0.6466  val_acc=0.6059  (55.8s)
  epoch 20/30  train_loss=0.6501  val_loss=0.6553  val_auc=0.6462  val_acc=0.6063  (55.4s)
  epoch 21/30  train_loss=0.6497  val_loss=0.6556  val_auc=0.6469  val_acc=0.6059  (55.3s)
  epoch 22/30  train_loss=0.6495  val_loss=0.6547  val_auc=0.6477  val_acc=0.6075  (55.3s)
  epoch 23/30  train_loss=0.6492  val_loss=0.6551  val_auc=0.6477  val_acc=0.6071  (55.6s)
  epoch 24/30  train_loss=0.6489  val_loss=0.6549  val_auc=0.6473  val_acc=0.6068  (55.8s)
  epoch 25/30  train_loss=0.6487  val_loss=0.6558  val_auc=0.6471  val_acc=0.6069  (55.7s)
  epoch 26/30  train_loss=0.6484  val_loss=0.6550  val_auc=0.6475  val_acc=0.6067  (55.3s)
  epoch 27/30  train_loss=0.6482  val_loss=0.6548  val_auc=0.6475  val_acc=0.6073  (55.2s)
  early stop at epoch 27 (best epoch 22)
Training done in 1499.2s — best val_auc=0.6477 @ epoch 22
EQUALITY-BAND CHECK: HOLDS (within ±0.001 of 0.6477) (val_auc=0.6477, band=[0.6467, 0.6487])
Wrote /mnt/projects/research/dotaml-turbo/experiments/2026-05-19-upstream-data-cleanup-740/metrics_transformer_plus_features.json
[2026-05-19T11:10:08+00:00] STEP 3/3: transformer_plus_features attempt 1 SUCCESS
===== RESUME DONE tfm_rc=0 2026-05-19T11:10:08+00:00 =====
