===== multitask_all rerun v3 (α_dur=0.15, vectorized items, 30s recovery sleep) START 2026-05-20T20:32:13+00:00 =====
[2026-05-20T20:32:13+00:00] attempt 1/3 START
Ablation: multitask_all (use_features=True, multitask=True)
Reading clean parquet: /mnt/projects/research/dotaml-turbo/data/snapshots/7.40-2025-12-16/processed/player_features_prepatch_clean/train.parquet
Traceback (most recent call last):
  File "/mnt/projects/research/dotaml-turbo/experiments/2026-05-20-rich-supervision-multitask-740/train.py", line 758, in <module>
    sys.exit(main())
             ^^^^^^
  File "/mnt/projects/research/dotaml-turbo/experiments/2026-05-20-rich-supervision-multitask-740/train.py", line 619, in main
    train_ds, val_ds, meta = load_train_val(
                             ^^^^^^^^^^^^^^^
  File "/mnt/projects/research/dotaml-turbo/experiments/2026-05-20-rich-supervision-multitask-740/data.py", line 404, in load_train_val
    train_tbl = pq.read_table(train_path)
                ^^^^^^^^^^^^^^^^^^^^^^^^^
  File "/mnt/projects/research/dotaml-turbo/.venv/lib/python3.12/site-packages/pyarrow/parquet/core.py", line 1959, in read_table
    return dataset.read(columns=columns, use_threads=use_threads,
           ^^^^^^^^^^^^^^^^^^^^^^^^^^^^^^^^^^^^^^^^^^^^^^^^^^^^^^
  File "/mnt/projects/research/dotaml-turbo/.venv/lib/python3.12/site-packages/pyarrow/parquet/core.py", line 1585, in read
    table = self._dataset.to_table(
            ^^^^^^^^^^^^^^^^^^^^^^^
  File "pyarrow/_dataset.pyx", line 589, in pyarrow._dataset.Dataset.to_table
  File "pyarrow/_dataset.pyx", line 3969, in pyarrow._dataset.Scanner.to_table
  File "pyarrow/error.pxi", line 155, in pyarrow.lib.pyarrow_internal_check_status
  File "pyarrow/error.pxi", line 92, in pyarrow.lib.check_status
OSError: Unexpected end of stream
[2026-05-20T20:32:15+00:00] attempt 1 FAILED rc=1 — sleeping 30s for OS/CUDA cleanup before retry
[2026-05-20T20:32:45+00:00] attempt 2/3 START
Ablation: multitask_all (use_features=True, multitask=True)
Reading clean parquet: /mnt/projects/research/dotaml-turbo/data/snapshots/7.40-2025-12-16/processed/player_features_prepatch_clean/train.parquet
Traceback (most recent call last):
  File "/mnt/projects/research/dotaml-turbo/experiments/2026-05-20-rich-supervision-multitask-740/train.py", line 758, in <module>
    sys.exit(main())
             ^^^^^^
  File "/mnt/projects/research/dotaml-turbo/experiments/2026-05-20-rich-supervision-multitask-740/train.py", line 619, in main
    train_ds, val_ds, meta = load_train_val(
                             ^^^^^^^^^^^^^^^
  File "/mnt/projects/research/dotaml-turbo/experiments/2026-05-20-rich-supervision-multitask-740/data.py", line 404, in load_train_val
    train_tbl = pq.read_table(train_path)
                ^^^^^^^^^^^^^^^^^^^^^^^^^
  File "/mnt/projects/research/dotaml-turbo/.venv/lib/python3.12/site-packages/pyarrow/parquet/core.py", line 1959, in read_table
    return dataset.read(columns=columns, use_threads=use_threads,
           ^^^^^^^^^^^^^^^^^^^^^^^^^^^^^^^^^^^^^^^^^^^^^^^^^^^^^^
  File "/mnt/projects/research/dotaml-turbo/.venv/lib/python3.12/site-packages/pyarrow/parquet/core.py", line 1585, in read
    table = self._dataset.to_table(
            ^^^^^^^^^^^^^^^^^^^^^^^
  File "pyarrow/_dataset.pyx", line 589, in pyarrow._dataset.Dataset.to_table
  File "pyarrow/_dataset.pyx", line 3969, in pyarrow._dataset.Scanner.to_table
  File "pyarrow/error.pxi", line 155, in pyarrow.lib.pyarrow_internal_check_status
  File "pyarrow/error.pxi", line 92, in pyarrow.lib.check_status
OSError: Unexpected end of stream
[2026-05-20T20:32:48+00:00] attempt 2 FAILED rc=1 — sleeping 30s for OS/CUDA cleanup before retry
[2026-05-20T20:33:18+00:00] attempt 3/3 START
Ablation: multitask_all (use_features=True, multitask=True)
Reading clean parquet: /mnt/projects/research/dotaml-turbo/data/snapshots/7.40-2025-12-16/processed/player_features_prepatch_clean/train.parquet
Traceback (most recent call last):
  File "/mnt/projects/research/dotaml-turbo/experiments/2026-05-20-rich-supervision-multitask-740/train.py", line 758, in <module>
    sys.exit(main())
             ^^^^^^
  File "/mnt/projects/research/dotaml-turbo/experiments/2026-05-20-rich-supervision-multitask-740/train.py", line 619, in main
    train_ds, val_ds, meta = load_train_val(
                             ^^^^^^^^^^^^^^^
  File "/mnt/projects/research/dotaml-turbo/experiments/2026-05-20-rich-supervision-multitask-740/data.py", line 404, in load_train_val
    train_tbl = pq.read_table(train_path)
                ^^^^^^^^^^^^^^^^^^^^^^^^^
  File "/mnt/projects/research/dotaml-turbo/.venv/lib/python3.12/site-packages/pyarrow/parquet/core.py", line 1959, in read_table
    return dataset.read(columns=columns, use_threads=use_threads,
           ^^^^^^^^^^^^^^^^^^^^^^^^^^^^^^^^^^^^^^^^^^^^^^^^^^^^^^
  File "/mnt/projects/research/dotaml-turbo/.venv/lib/python3.12/site-packages/pyarrow/parquet/core.py", line 1585, in read
    table = self._dataset.to_table(
            ^^^^^^^^^^^^^^^^^^^^^^^
  File "pyarrow/_dataset.pyx", line 589, in pyarrow._dataset.Dataset.to_table
  File "pyarrow/_dataset.pyx", line 3969, in pyarrow._dataset.Scanner.to_table
  File "pyarrow/error.pxi", line 155, in pyarrow.lib.pyarrow_internal_check_status
  File "pyarrow/error.pxi", line 92, in pyarrow.lib.check_status
OSError: Unexpected end of stream
[2026-05-20T20:33:20+00:00] attempt 3 FAILED rc=1 — sleeping 30s for OS/CUDA cleanup before retry
===== rerun v3 DONE rc=1 2026-05-20T20:33:50+00:00 =====
