===== multitask_all rerun v3 (α_dur=0.15, vectorized items, 30s recovery sleep) START 2026-05-20T21:59:15+00:00 =====
[2026-05-20T21:59:15+00:00] attempt 1/3 START
Ablation: multitask_all (use_features=True, multitask=True)
Reading clean parquet: /mnt/projects/research/dotaml-turbo/data/snapshots/7.40-2025-12-16/processed/player_features_prepatch_clean/train.parquet
  WARN: pq.read_table(/mnt/projects/research/dotaml-turbo/data/snapshots/7.40-2025-12-16/processed/player_features_prepatch_clean/train.parquet) failed: Unexpected end of stream
  WARN: switching to defensive per-column-per-row-group read.
  defensive: ONE corrupted column 'p9_days_since_last_log1p' — recovering via per-row-group + median fill.
  defensive: 'p9_days_since_last_log1p' rg [6] unreadable; filling 1,048,576 rows with median=5.9026
  train rows: 13,018,393
Reading clean parquet: /mnt/projects/research/dotaml-turbo/data/snapshots/7.40-2025-12-16/processed/player_features_prepatch_clean/val.parquet
  val   rows: 2,419,185
REFUSED: clean parquet violation -- 1 cells outside bounds ({'n_games_log1p': 1}). Re-run build_features.py.
[2026-05-20T21:59:32+00:00] attempt 1 FAILED rc=1 — sleeping 30s for OS/CUDA cleanup before retry
[2026-05-20T22:00:02+00:00] attempt 2/3 START
/mnt/projects/research/dotaml-turbo/.venv/lib/python3.12/site-packages/torch/nn/modules/transformer.py:392: UserWarning: enable_nested_tensor is True, but self.use_nested_tensor is False because encoder_layer.norm_first was True
  warnings.warn(
/tmp/multitask_rerun.sh: line 9: 1018914 Segmentation fault      (core dumped) $PY $EXP/train.py --config $EXP/config.yaml --ablation multitask_all --metrics-suffix _multitask_all
[2026-05-21T00:29:26+00:00] attempt 2 FAILED rc=139 — sleeping 30s for OS/CUDA cleanup before retry
[2026-05-21T00:29:56+00:00] attempt 3/3 START
/tmp/multitask_rerun.sh: line 9: 1089462 Segmentation fault      (core dumped) $PY $EXP/train.py --config $EXP/config.yaml --ablation multitask_all --metrics-suffix _multitask_all
[2026-05-21T00:32:13+00:00] attempt 3 FAILED rc=139 — sleeping 30s for OS/CUDA cleanup before retry
===== rerun v3 DONE rc=139 2026-05-21T00:32:43+00:00 =====
