stress-ng: info:  [1238652] setting to a 30 mins, 0 secs run per stressor
stress-ng: info:  [1238652] dispatching hogs: 4 vm
stress-ng: info:  [1238652] note: /proc/sys/kernel/sched_autogroup_enabled is 1 and this can impact scheduling throughput for processes not attached to a tty. Setting this to 0 may improve performance metrics
stress-ng: info:  [1238652] note: 32 cpus have scaling governors set to powersave and this can impact on performance; setting /sys/devices/system/cpu/cpu*/cpufreq/scaling_governor to 'performance' may improve performance
stress-ng: fail:  [1238655] vm: detected 541 bit errors while stressing memory
stress-ng: fail:  [1238656] vm: detected 827 bit errors while stressing memory
stress-ng: fail:  [1238657] vm: detected 494 bit errors while stressing memory
stress-ng: fail:  [1238654] vm: detected 248 bit errors while stressing memory
stress-ng: error: [1238652] vm: [1238654] terminated with an error, exit status=2 (stressor failed)
stress-ng: error: [1238652] vm: [1238655] terminated with an error, exit status=2 (stressor failed)
stress-ng: error: [1238652] vm: [1238656] terminated with an error, exit status=2 (stressor failed)
stress-ng: error: [1238652] vm: [1238657] terminated with an error, exit status=2 (stressor failed)
stress-ng: metrc: [1238652] stressor       bogo ops real time  usr time  sys time   bogo ops/s     bogo ops/s
stress-ng: metrc: [1238652]                           (secs)    (secs)    (secs)   (real time) (usr+sys time)
stress-ng: metrc: [1238652] vm            1117442876   1802.57   4602.49   1444.38    619915.46      184796.96
stress-ng: info:  [1238652] skipped: 0
stress-ng: info:  [1238652] passed: 0
stress-ng: info:  [1238652] failed: 4: vm (4)
stress-ng: info:  [1238652] metrics untrustworthy: 0
stress-ng: info:  [1238652] unsuccessful run completed in 30 mins, 5.02 secs
